#! /c/Source/iverilog-install/bin/vvp
:ivl_version "12.0 (devel)" "(s20150603-1539-g2693dd32b)";
:ivl_delay_selection "TYPICAL";
:vpi_time_precision - 9;
:vpi_module "D:\iverilog\lib\ivl\system.vpi";
:vpi_module "D:\iverilog\lib\ivl\vhdl_sys.vpi";
:vpi_module "D:\iverilog\lib\ivl\vhdl_textio.vpi";
:vpi_module "D:\iverilog\lib\ivl\v2005_math.vpi";
:vpi_module "D:\iverilog\lib\ivl\va_math.vpi";
S_0000027f4507b010 .scope module, "multi_sel" "multi_sel" 2 2;
 .timescale -9 -9;
    .port_info 0 /INPUT 8 "d";
    .port_info 1 /INPUT 1 "clk";
    .port_info 2 /INPUT 1 "rst";
    .port_info 3 /OUTPUT 1 "input_grant";
    .port_info 4 /OUTPUT 11 "out";
o0000027f450c8fd8 .functor BUFZ 1, C4<z>; HiZ drive
v0000027f450b5260_0 .net "clk", 0 0, o0000027f450c8fd8;  0 drivers
o0000027f450c9008 .functor BUFZ 8, C4<zzzzzzzz>; HiZ drive
v0000027f450770c0_0 .net "d", 7 0, o0000027f450c9008;  0 drivers
v0000027f45076ea0_0 .var "data", 7 0;
v0000027f45076ab0_0 .var "i", 2 0;
v0000027f4507b440_0 .var "input_grant", 0 0;
v0000027f4507b1a0_0 .var "out", 10 0;
o0000027f450c90f8 .functor BUFZ 1, C4<z>; HiZ drive
v0000027f4507b240_0 .net "rst", 0 0, o0000027f450c90f8;  0 drivers
L_0000027f45113858 .functor BUFT 1, C4<0001>, C4<0>, C4<0>, C4<0>;
v0000027f4507b2e0 .array "times", 0 3;
v0000027f4507b2e0_0 .net v0000027f4507b2e0 0, 3 0, L_0000027f45113858; 1 drivers
L_0000027f451138a0 .functor BUFT 1, C4<0011>, C4<0>, C4<0>, C4<0>;
v0000027f4507b2e0_1 .net v0000027f4507b2e0 1, 3 0, L_0000027f451138a0; 1 drivers
L_0000027f451138e8 .functor BUFT 1, C4<0111>, C4<0>, C4<0>, C4<0>;
v0000027f4507b2e0_2 .net v0000027f4507b2e0 2, 3 0, L_0000027f451138e8; 1 drivers
L_0000027f45113930 .functor BUFT 1, C4<1000>, C4<0>, C4<0>, C4<0>;
v0000027f4507b2e0_3 .net v0000027f4507b2e0 3, 3 0, L_0000027f45113930; 1 drivers
E_0000027f45079830/0 .event negedge, v0000027f4507b240_0;
E_0000027f45079830/1 .event posedge, v0000027f450b5260_0;
E_0000027f45079830 .event/or E_0000027f45079830/0, E_0000027f45079830/1;
    .scope S_0000027f4507b010;
T_0 ;
    %wait E_0000027f45079830;
    %load/vec4 v0000027f4507b240_0;
    %inv;
    %flag_set/vec4 8;
    %jmp/0xz  T_0.0, 8;
    %pushi/vec4 0, 0, 1;
    %assign/vec4 v0000027f4507b440_0, 0;
    %pushi/vec4 0, 0, 11;
    %assign/vec4 v0000027f4507b1a0_0, 0;
    %pushi/vec4 0, 0, 3;
    %assign/vec4 v0000027f45076ab0_0, 0;
    %jmp T_0.1;
T_0.0 ;
    %load/vec4 v0000027f45076ab0_0;
    %cmpi/u 3, 0, 3;
    %flag_inv 5; GE is !LT
    %jmp/0xz  T_0.2, 5;
    %pushi/vec4 0, 0, 3;
    %assign/vec4 v0000027f45076ab0_0, 0;
    %pushi/vec4 1, 0, 1;
    %assign/vec4 v0000027f4507b440_0, 0;
    %load/vec4 v0000027f450770c0_0;
    %assign/vec4 v0000027f45076ea0_0, 0;
    %jmp T_0.3;
T_0.2 ;
    %load/vec4 v0000027f45076ab0_0;
    %addi 1, 0, 3;
    %assign/vec4 v0000027f45076ab0_0, 0;
T_0.3 ;
T_0.1 ;
    %jmp T_0;
    .thread T_0;
    .scope S_0000027f4507b010;
T_1 ;
    %wait E_0000027f45079830;
    %load/vec4 v0000027f4507b240_0;
    %inv;
    %flag_set/vec4 8;
    %jmp/0xz  T_1.0, 8;
    %pushi/vec4 0, 0, 1;
    %assign/vec4 v0000027f4507b440_0, 0;
    %pushi/vec4 0, 0, 11;
    %assign/vec4 v0000027f4507b1a0_0, 0;
    %pushi/vec4 0, 0, 3;
    %assign/vec4 v0000027f45076ab0_0, 0;
    %jmp T_1.1;
T_1.0 ;
    %load/vec4 v0000027f45076ea0_0;
    %pad/u 11;
    %load/vec4 v0000027f45076ab0_0;
    %pad/u 4;
    %ix/vec4 4;
    %load/vec4a v0000027f4507b2e0, 4;
    %pad/u 11;
    %mul;
    %assign/vec4 v0000027f4507b1a0_0, 0;
    %load/vec4 v0000027f45076ab0_0;
    %pad/u 4;
    %ix/vec4 4;
    %load/vec4a v0000027f4507b2e0, 4;
    %vpi_call 2 47 "$display", "data = %d, times[%d] = %d", v0000027f45076ea0_0, v0000027f45076ab0_0, S<0,vec4,u4> {1 0 0};
    %vpi_call 2 48 "$display", "out = %d", v0000027f4507b1a0_0 {0 0 0};
T_1.1 ;
    %jmp T_1;
    .thread T_1;
# The file index is used to find the file name in the following table.
:file_names 3;
    "N/A";
    "<interactive>";
    "multi_sel.v";
