#! /c/Source/iverilog-install/bin/vvp
:ivl_version "12.0 (devel)" "(s20150603-1539-g2693dd32b)";
:ivl_delay_selection "TYPICAL";
:vpi_time_precision - 9;
:vpi_module "D:\iverilog\lib\ivl\system.vpi";
:vpi_module "D:\iverilog\lib\ivl\vhdl_sys.vpi";
:vpi_module "D:\iverilog\lib\ivl\vhdl_textio.vpi";
:vpi_module "D:\iverilog\lib\ivl\v2005_math.vpi";
:vpi_module "D:\iverilog\lib\ivl\va_math.vpi";
S_000001a75c6cbdc0 .scope module, "testbench" "testbench" 2 5;
 .timescale -9 -9;
v000001a75c6c6810_0 .var "clk", 0 0;
v000001a75c6c68b0_0 .var "d", 7 0;
v000001a75c6c6950_0 .net "input_grant", 0 0, v000001a75c6cac70_0;  1 drivers
v000001a75c7711d0_0 .net "out", 10 0, v000001a75c6cad10_0;  1 drivers
v000001a75c7709b0_0 .var "rst", 0 0;
S_000001a75c6c8b20 .scope module, "m1" "multi_sel" 2 32, 3 2 0, S_000001a75c6cbdc0;
 .timescale -9 -9;
    .port_info 0 /INPUT 8 "d";
    .port_info 1 /INPUT 1 "clk";
    .port_info 2 /INPUT 1 "rst";
    .port_info 3 /OUTPUT 1 "input_grant";
    .port_info 4 /OUTPUT 11 "out";
v000001a75c6c7100_0 .net "clk", 0 0, v000001a75c6c6810_0;  1 drivers
v000001a75c6c6ee0_0 .net "d", 7 0, v000001a75c6c68b0_0;  1 drivers
v000001a75c7074e0_0 .var "data", 7 0;
v000001a75c6c8cb0_0 .var "i", 2 0;
v000001a75c6cac70_0 .var "input_grant", 0 0;
v000001a75c6cad10_0 .var "out", 10 0;
v000001a75c6c66d0_0 .net "rst", 0 0, v000001a75c7709b0_0;  1 drivers
L_000001a75c771838 .functor BUFT 1, C4<0001>, C4<0>, C4<0>, C4<0>;
v000001a75c6c6770 .array "times", 0 3;
v000001a75c6c6770_0 .net v000001a75c6c6770 0, 3 0, L_000001a75c771838; 1 drivers
L_000001a75c771880 .functor BUFT 1, C4<0011>, C4<0>, C4<0>, C4<0>;
v000001a75c6c6770_1 .net v000001a75c6c6770 1, 3 0, L_000001a75c771880; 1 drivers
L_000001a75c7718c8 .functor BUFT 1, C4<0111>, C4<0>, C4<0>, C4<0>;
v000001a75c6c6770_2 .net v000001a75c6c6770 2, 3 0, L_000001a75c7718c8; 1 drivers
L_000001a75c771910 .functor BUFT 1, C4<1000>, C4<0>, C4<0>, C4<0>;
v000001a75c6c6770_3 .net v000001a75c6c6770 3, 3 0, L_000001a75c771910; 1 drivers
E_000001a75c6cb480/0 .event negedge, v000001a75c6c66d0_0;
E_000001a75c6cb480/1 .event posedge, v000001a75c6c7100_0;
E_000001a75c6cb480 .event/or E_000001a75c6cb480/0, E_000001a75c6cb480/1;
    .scope S_000001a75c6c8b20;
T_0 ;
    %wait E_000001a75c6cb480;
    %load/vec4 v000001a75c6c66d0_0;
    %inv;
    %flag_set/vec4 8;
    %jmp/0xz  T_0.0, 8;
    %pushi/vec4 0, 0, 11;
    %assign/vec4 v000001a75c6cad10_0, 0;
    %pushi/vec4 0, 0, 3;
    %assign/vec4 v000001a75c6c8cb0_0, 0;
    %jmp T_0.1;
T_0.0 ;
    %load/vec4 v000001a75c6c8cb0_0;
    %cmpi/u 3, 0, 3;
    %flag_inv 5; GE is !LT
    %jmp/0xz  T_0.2, 5;
    %pushi/vec4 0, 0, 3;
    %assign/vec4 v000001a75c6c8cb0_0, 0;
    %load/vec4 v000001a75c6c6ee0_0;
    %assign/vec4 v000001a75c7074e0_0, 0;
    %jmp T_0.3;
T_0.2 ;
    %load/vec4 v000001a75c6c8cb0_0;
    %addi 1, 0, 3;
    %assign/vec4 v000001a75c6c8cb0_0, 0;
T_0.3 ;
T_0.1 ;
    %jmp T_0;
    .thread T_0;
    .scope S_000001a75c6c8b20;
T_1 ;
    %wait E_000001a75c6cb480;
    %load/vec4 v000001a75c6c66d0_0;
    %inv;
    %flag_set/vec4 8;
    %jmp/0xz  T_1.0, 8;
    %pushi/vec4 0, 0, 1;
    %assign/vec4 v000001a75c6cac70_0, 0;
    %jmp T_1.1;
T_1.0 ;
    %load/vec4 v000001a75c6c8cb0_0;
    %cmpi/e 0, 0, 3;
    %jmp/0xz  T_1.2, 4;
    %pushi/vec4 1, 0, 1;
    %assign/vec4 v000001a75c6cac70_0, 0;
    %jmp T_1.3;
T_1.2 ;
    %pushi/vec4 0, 0, 1;
    %assign/vec4 v000001a75c6cac70_0, 0;
T_1.3 ;
T_1.1 ;
    %jmp T_1;
    .thread T_1;
    .scope S_000001a75c6c8b20;
T_2 ;
    %wait E_000001a75c6cb480;
    %load/vec4 v000001a75c6c66d0_0;
    %inv;
    %flag_set/vec4 8;
    %jmp/0xz  T_2.0, 8;
    %pushi/vec4 0, 0, 1;
    %assign/vec4 v000001a75c6cac70_0, 0;
    %pushi/vec4 0, 0, 11;
    %assign/vec4 v000001a75c6cad10_0, 0;
    %pushi/vec4 0, 0, 3;
    %assign/vec4 v000001a75c6c8cb0_0, 0;
    %jmp T_2.1;
T_2.0 ;
    %load/vec4 v000001a75c6c8cb0_0;
    %dup/vec4;
    %pushi/vec4 0, 0, 3;
    %cmp/u;
    %jmp/1 T_2.2, 6;
    %dup/vec4;
    %pushi/vec4 1, 0, 3;
    %cmp/u;
    %jmp/1 T_2.3, 6;
    %dup/vec4;
    %pushi/vec4 2, 0, 3;
    %cmp/u;
    %jmp/1 T_2.4, 6;
    %dup/vec4;
    %pushi/vec4 3, 0, 3;
    %cmp/u;
    %jmp/1 T_2.5, 6;
    %load/vec4 v000001a75c6c6ee0_0;
    %pad/u 11;
    %load/vec4 v000001a75c6c8cb0_0;
    %pad/u 4;
    %ix/vec4 4;
    %load/vec4a v000001a75c6c6770, 4;
    %pad/u 11;
    %mul;
    %assign/vec4 v000001a75c6cad10_0, 0;
    %jmp T_2.7;
T_2.2 ;
    %load/vec4 v000001a75c6c6ee0_0;
    %pad/u 11;
    %load/vec4 v000001a75c6c8cb0_0;
    %pad/u 4;
    %ix/vec4 4;
    %load/vec4a v000001a75c6c6770, 4;
    %pad/u 11;
    %mul;
    %assign/vec4 v000001a75c6cad10_0, 0;
    %load/vec4 v000001a75c6c6ee0_0;
    %assign/vec4 v000001a75c7074e0_0, 0;
    %jmp T_2.7;
T_2.3 ;
    %load/vec4 v000001a75c7074e0_0;
    %pad/u 11;
    %load/vec4 v000001a75c6c8cb0_0;
    %pad/u 4;
    %ix/vec4 4;
    %load/vec4a v000001a75c6c6770, 4;
    %pad/u 11;
    %mul;
    %assign/vec4 v000001a75c6cad10_0, 0;
    %jmp T_2.7;
T_2.4 ;
    %load/vec4 v000001a75c7074e0_0;
    %pad/u 11;
    %load/vec4 v000001a75c6c8cb0_0;
    %pad/u 4;
    %ix/vec4 4;
    %load/vec4a v000001a75c6c6770, 4;
    %pad/u 11;
    %mul;
    %assign/vec4 v000001a75c6cad10_0, 0;
    %jmp T_2.7;
T_2.5 ;
    %load/vec4 v000001a75c7074e0_0;
    %pad/u 11;
    %load/vec4 v000001a75c6c8cb0_0;
    %pad/u 4;
    %ix/vec4 4;
    %load/vec4a v000001a75c6c6770, 4;
    %pad/u 11;
    %mul;
    %assign/vec4 v000001a75c6cad10_0, 0;
    %jmp T_2.7;
T_2.7 ;
    %pop/vec4 1;
    %load/vec4 v000001a75c6c8cb0_0;
    %pad/u 4;
    %ix/vec4 4;
    %load/vec4a v000001a75c6c6770, 4;
    %vpi_call 3 76 "$display", "data = %d, times[%d] = %d", v000001a75c7074e0_0, v000001a75c6c8cb0_0, S<0,vec4,u4> {1 0 0};
    %vpi_call 3 77 "$display", "out = %d", v000001a75c6cad10_0 {0 0 0};
T_2.1 ;
    %jmp T_2;
    .thread T_2;
    .scope S_000001a75c6cbdc0;
T_3 ;
    %pushi/vec4 0, 0, 1;
    %store/vec4 v000001a75c6c6810_0, 0, 1;
    %end;
    .thread T_3;
    .scope S_000001a75c6cbdc0;
T_4 ;
    %delay 5, 0;
    %load/vec4 v000001a75c6c6810_0;
    %inv;
    %store/vec4 v000001a75c6c6810_0, 0, 1;
    %jmp T_4;
    .thread T_4;
    .scope S_000001a75c6cbdc0;
T_5 ;
    %pushi/vec4 0, 0, 1;
    %assign/vec4 v000001a75c7709b0_0, 0;
    %delay 10, 0;
    %pushi/vec4 1, 0, 1;
    %assign/vec4 v000001a75c7709b0_0, 0;
    %delay 10, 0;
    %pushi/vec4 143, 0, 8;
    %assign/vec4 v000001a75c6c68b0_0, 0;
    %delay 55, 0;
    %pushi/vec4 7, 0, 8;
    %assign/vec4 v000001a75c6c68b0_0, 0;
    %delay 50, 0;
    %pushi/vec4 6, 0, 8;
    %assign/vec4 v000001a75c6c68b0_0, 0;
    %delay 10, 0;
    %pushi/vec4 128, 0, 8;
    %assign/vec4 v000001a75c6c68b0_0, 0;
    %delay 10, 0;
    %pushi/vec4 129, 0, 8;
    %assign/vec4 v000001a75c6c68b0_0, 0;
    %delay 50, 0;
    %vpi_call 2 29 "$finish" {0 0 0};
    %end;
    .thread T_5;
    .scope S_000001a75c6cbdc0;
T_6 ;
    %vpi_call 2 41 "$dumpfile", "out.vcd" {0 0 0};
    %vpi_call 2 48 "$dumpvars", 32'sb00000000000000000000000000000000, S_000001a75c6cbdc0 {0 0 0};
    %end;
    .thread T_6;
# The file index is used to find the file name in the following table.
:file_names 4;
    "N/A";
    "<interactive>";
    "multi_sel_tb.v";
    "././multi_sel.v";
